<?xml version="1.0" encoding="UTF-8"?>
<testsuite name="dev.zhen.utilTests.ConnectionUtilTest" tests="1" skipped="0" failures="0" errors="0" timestamp="2021-08-19T15:26:33" hostname="DESKTOP-GEQKLKM" time="0.561">
  <properties/>
  <testcase name="create_connection()" classname="dev.zhen.utilTests.ConnectionUtilTest" time="0.561"/>
  <system-out><![CDATA[]]></system-out>
  <system-err><![CDATA[]]></system-err>
</testsuite>
